<?xml version="1.0" encoding="UTF-8"?>
<!-- Generated by org.testng.reporters.JUnitReportReporter -->
<testsuite hostname="IN-BAV-L0832" failures="0" tests="1" name="com.tests.addresslinks.DestroyLinkTests" time="14.414" errors="0" timestamp="2021-04-04T22:57:24 IST" skipped="0">
  <testcase classname="com.tests.addresslinks.DestroyLinkTests" name="destroyLink" time="14.414"/>
  <system-out/>
</testsuite> <!-- com.tests.addresslinks.DestroyLinkTests -->
