<?xml version="1.0" encoding="UTF-8"?>
<!-- Generated by org.testng.reporters.JUnitReportReporter -->
<testsuite hostname="IN-BAV-L0832" failures="0" tests="22" name="com.tests.registration.SignInTests" time="306.393" errors="0" timestamp="2021-04-02T19:10:17 IST" skipped="0">
  <testcase classname="com.tests.registration.SignInTests" name="signInTest" time="17.054"/>
  <system-out/>
  <testcase classname="com.tests.registration.SignInTests" name="signInTest" time="17.843"/>
  <system-out/>
  <testcase classname="com.tests.registration.SignInTests" name="signInTest" time="10.380"/>
  <system-out/>
  <testcase classname="com.tests.registration.SignInTests" name="signInTest" time="16.326"/>
  <system-out/>
  <testcase classname="com.tests.registration.SignInTests" name="signInTest" time="17.260"/>
  <system-out/>
  <testcase classname="com.tests.registration.SignInTests" name="signInTest" time="10.271"/>
  <system-out/>
  <testcase classname="com.tests.registration.SignInTests" name="signInTest" time="16.189"/>
  <system-out/>
  <testcase classname="com.tests.registration.SignInTests" name="signInTest" time="9.622"/>
  <system-out/>
  <testcase classname="com.tests.registration.SignInTests" name="signInTest" time="15.962"/>
  <system-out/>
  <testcase classname="com.tests.registration.SignInTests" name="signInTest" time="16.332"/>
  <system-out/>
  <testcase classname="com.tests.registration.SignInTests" name="signInTest" time="10.150"/>
  <system-out/>
  <testcase classname="com.tests.registration.SignInTests" name="signInTest" time="16.417"/>
  <system-out/>
  <testcase classname="com.tests.registration.SignInTests" name="signInTest" time="16.628"/>
  <system-out/>
  <testcase classname="com.tests.registration.SignInTests" name="signInTest" time="9.652"/>
  <system-out/>
  <testcase classname="com.tests.registration.SignInTests" name="signInTest" time="9.753"/>
  <system-out/>
  <testcase classname="com.tests.registration.SignInTests" name="signInTest" time="9.273"/>
  <system-out/>
  <testcase classname="com.tests.registration.SignInTests" name="signInTest" time="16.283"/>
  <system-out/>
  <testcase classname="com.tests.registration.SignInTests" name="signInTest" time="16.733"/>
  <system-out/>
  <testcase classname="com.tests.registration.SignInTests" name="signInTest" time="16.326"/>
  <system-out/>
  <testcase classname="com.tests.registration.SignInTests" name="signInTest" time="10.159"/>
  <system-out/>
  <testcase classname="com.tests.registration.SignInTests" name="signInTest" time="16.753"/>
  <system-out/>
  <testcase classname="com.tests.registration.SignInTests" name="signInTest" time="11.027"/>
  <system-out/>
</testsuite> <!-- com.tests.registration.SignInTests -->
