<?xml version="1.0" encoding="UTF-8"?>
<!-- Generated by org.testng.reporters.JUnitReportReporter -->
<testsuite hostname="IN-BAV-L0832" failures="0" tests="23" name="com.tests.registration.SignUpTests" time="288.254" errors="0" timestamp="2021-04-02T19:10:17 IST" skipped="0">
  <testcase classname="com.tests.registration.SignUpTests" name="signUpTest" time="12.614"/>
  <system-out/>
  <testcase classname="com.tests.registration.SignUpTests" name="signUpTest" time="12.770"/>
  <system-out/>
  <testcase classname="com.tests.registration.SignUpTests" name="signUpTest" time="12.757"/>
  <system-out/>
  <testcase classname="com.tests.registration.SignUpTests" name="signUpTest" time="14.502"/>
  <system-out/>
  <testcase classname="com.tests.registration.SignUpTests" name="signUpTest" time="12.983"/>
  <system-out/>
  <testcase classname="com.tests.registration.SignUpTests" name="beforeSignUpTest" time="11.792"/>
  <system-out/>
  <testcase classname="com.tests.registration.SignUpTests" name="signUpTest" time="12.068"/>
  <system-out/>
  <testcase classname="com.tests.registration.SignUpTests" name="signUpTest" time="11.257"/>
  <system-out/>
  <testcase classname="com.tests.registration.SignUpTests" name="signUpTest" time="13.330"/>
  <system-out/>
  <testcase classname="com.tests.registration.SignUpTests" name="signUpTest" time="12.733"/>
  <system-out/>
  <testcase classname="com.tests.registration.SignUpTests" name="signUpTest" time="13.580"/>
  <system-out/>
  <testcase classname="com.tests.registration.SignUpTests" name="signUpTest" time="12.394"/>
  <system-out/>
  <testcase classname="com.tests.registration.SignUpTests" name="signUpTest" time="13.563"/>
  <system-out/>
  <testcase classname="com.tests.registration.SignUpTests" name="signUpTest" time="11.692"/>
  <system-out/>
  <testcase classname="com.tests.registration.SignUpTests" name="signUpTest" time="12.578"/>
  <system-out/>
  <testcase classname="com.tests.registration.SignUpTests" name="signUpTest" time="13.346"/>
  <system-out/>
  <testcase classname="com.tests.registration.SignUpTests" name="signUpTest" time="13.559"/>
  <system-out/>
  <testcase classname="com.tests.registration.SignUpTests" name="signUpTest" time="11.251"/>
  <system-out/>
  <testcase classname="com.tests.registration.SignUpTests" name="signUpTest" time="14.300"/>
  <system-out/>
  <testcase classname="com.tests.registration.SignUpTests" name="signUpTest" time="10.655"/>
  <system-out/>
  <testcase classname="com.tests.registration.SignUpTests" name="signUpTest" time="10.928"/>
  <system-out/>
  <testcase classname="com.tests.registration.SignUpTests" name="signUpTest" time="10.480"/>
  <system-out/>
  <testcase classname="com.tests.registration.SignUpTests" name="signUpTest" time="13.122"/>
  <system-out/>
</testsuite> <!-- com.tests.registration.SignUpTests -->
