<?xml version="1.0" encoding="UTF-8"?>
<!-- Generated by org.testng.reporters.JUnitReportReporter -->
<testsuite hostname="IN-BAV-L0832" failures="0" tests="1" name="assignment.tests.practiceAutomation.HomePageTests" time="6.953" errors="0" timestamp="2021-03-30T16:40:27 IST" skipped="0">
  <testcase classname="assignment.tests.practiceAutomation.HomePageTests" name="homeTest" time="6.953"/>
  <system-out/>
</testsuite> <!-- assignment.tests.practiceAutomation.HomePageTests -->
