<?xml version="1.0" encoding="UTF-8"?>
<!-- Generated by org.testng.reporters.JUnitReportReporter -->
<testsuite hostname="IN-BAV-L0832" failures="0" tests="1" name="com.tests.home.HomePageTests" time="9.326" errors="0" timestamp="2021-04-02T19:10:17 IST" skipped="0">
  <testcase classname="com.tests.home.HomePageTests" name="homeTest" time="9.326"/>
  <system-out/>
</testsuite> <!-- com.tests.home.HomePageTests -->
