<?xml version="1.0" encoding="UTF-8"?>
<!-- Generated by org.testng.reporters.JUnitReportReporter -->
<testsuite hostname="IN-BAV-L0832" failures="0" tests="7" name="com.tests.addresses.ValidateAddressTests" time="90.117" errors="0" timestamp="2021-04-05T15:27:28 IST" skipped="0">
  <testcase classname="com.tests.addresses.ValidateAddressTests" name="VerifyAddressForms" time="13.369"/>
  <system-out/>
  <testcase classname="com.tests.addresses.ValidateAddressTests" name="VerifyAddressForms" time="12.321"/>
  <system-out/>
  <testcase classname="com.tests.addresses.ValidateAddressTests" name="VerifyAddressForms" time="12.751"/>
  <system-out/>
  <testcase classname="com.tests.addresses.ValidateAddressTests" name="VerifyAddressForms" time="12.722"/>
  <system-out/>
  <testcase classname="com.tests.addresses.ValidateAddressTests" name="VerifyAddressForms" time="12.431"/>
  <system-out/>
  <testcase classname="com.tests.addresses.ValidateAddressTests" name="VerifyAddressForms" time="14.282"/>
  <system-out/>
  <testcase classname="com.tests.addresses.ValidateAddressTests" name="VerifyAddressForms" time="12.241"/>
  <system-out/>
</testsuite> <!-- com.tests.addresses.ValidateAddressTests -->
