<?xml version="1.0" encoding="UTF-8"?>
<!-- Generated by org.testng.reporters.JUnitReportReporter -->
<testsuite hostname="IN-BAV-L0832" failures="0" tests="9" name="com.tests.addresses.AddressTests" time="149.434" errors="0" timestamp="2021-04-05T15:27:28 IST" skipped="0">
  <testcase classname="com.tests.addresses.AddressTests" name="addressFormsTest" time="15.777"/>
  <system-out/>
  <testcase classname="com.tests.addresses.AddressTests" name="addressFormsTest" time="16.469"/>
  <system-out/>
  <testcase classname="com.tests.addresses.AddressTests" name="addressFormsTest" time="16.896"/>
  <system-out/>
  <testcase classname="com.tests.addresses.AddressTests" name="addressFormsTest" time="16.057"/>
  <system-out/>
  <testcase classname="com.tests.addresses.AddressTests" name="addressFormsTest" time="15.039"/>
  <system-out/>
  <testcase classname="com.tests.addresses.AddressTests" name="addressFormsTest" time="20.202"/>
  <system-out/>
  <testcase classname="com.tests.addresses.AddressTests" name="addressFormsTest" time="16.941"/>
  <system-out/>
  <testcase classname="com.tests.addresses.AddressTests" name="addressFormsTest" time="16.769"/>
  <system-out/>
  <testcase classname="com.tests.addresses.AddressTests" name="addressFormsTest" time="15.284"/>
  <system-out/>
</testsuite> <!-- com.tests.addresses.AddressTests -->
