<?xml version="1.0" encoding="UTF-8"?>
<!-- Generated by org.testng.reporters.JUnitReportReporter -->
<testsuite hostname="IN-BAV-L0832" failures="0" tests="12" name="com.tests.registration.SignUpTests" time="138.810" errors="0" timestamp="2021-04-05T15:27:28 IST" skipped="0">
  <testcase classname="com.tests.registration.SignUpTests" name="signUpTest" time="11.366"/>
  <system-out/>
  <testcase classname="com.tests.registration.SignUpTests" name="signUpTest" time="11.226"/>
  <system-out/>
  <testcase classname="com.tests.registration.SignUpTests" name="signUpTest" time="11.244"/>
  <system-out/>
  <testcase classname="com.tests.registration.SignUpTests" name="beforeSignUpTest" time="11.446"/>
  <system-out/>
  <testcase classname="com.tests.registration.SignUpTests" name="signUpTest" time="11.627"/>
  <system-out/>
  <testcase classname="com.tests.registration.SignUpTests" name="signUpTest" time="16.527"/>
  <system-out/>
  <testcase classname="com.tests.registration.SignUpTests" name="signUpTest" time="10.591"/>
  <system-out/>
  <testcase classname="com.tests.registration.SignUpTests" name="signUpTest" time="10.650"/>
  <system-out/>
  <testcase classname="com.tests.registration.SignUpTests" name="signUpTest" time="11.117"/>
  <system-out/>
  <testcase classname="com.tests.registration.SignUpTests" name="signUpTest" time="11.163"/>
  <system-out/>
  <testcase classname="com.tests.registration.SignUpTests" name="signUpTest" time="10.912"/>
  <system-out/>
  <testcase classname="com.tests.registration.SignUpTests" name="signUpTest" time="10.941"/>
  <system-out/>
</testsuite> <!-- com.tests.registration.SignUpTests -->
