<?xml version="1.0" encoding="UTF-8"?>
<!-- Generated by org.testng.reporters.JUnitReportReporter -->
<testsuite hostname="IN-BAV-L0832" failures="0" tests="1" name="com.tests.home.HomePageTests" time="6.276" errors="0" timestamp="2021-04-05T15:27:28 IST" skipped="0">
  <testcase classname="com.tests.home.HomePageTests" name="homeTest" time="6.276"/>
  <system-out/>
</testsuite> <!-- com.tests.home.HomePageTests -->
