<?xml version="1.0" encoding="UTF-8"?>
<!-- Generated by org.testng.reporters.JUnitReportReporter -->
<testsuite hostname="IN-BAV-L0832" failures="0" tests="11" name="com.tests.registration.SignInTests" time="178.079" errors="0" timestamp="2021-04-05T15:27:28 IST" skipped="0">
  <testcase classname="com.tests.registration.SignInTests" name="signInTest" time="15.625"/>
  <system-out/>
  <testcase classname="com.tests.registration.SignInTests" name="signInTest" time="10.389"/>
  <system-out/>
  <testcase classname="com.tests.registration.SignInTests" name="signInTest" time="17.237"/>
  <system-out/>
  <testcase classname="com.tests.registration.SignInTests" name="signInTest" time="17.647"/>
  <system-out/>
  <testcase classname="com.tests.registration.SignInTests" name="signInTest" time="17.128"/>
  <system-out/>
  <testcase classname="com.tests.registration.SignInTests" name="signInTest" time="15.756"/>
  <system-out/>
  <testcase classname="com.tests.registration.SignInTests" name="signInTest" time="16.954"/>
  <system-out/>
  <testcase classname="com.tests.registration.SignInTests" name="signInTest" time="16.470"/>
  <system-out/>
  <testcase classname="com.tests.registration.SignInTests" name="signInTest" time="15.789"/>
  <system-out/>
  <testcase classname="com.tests.registration.SignInTests" name="signInTest" time="18.414"/>
  <system-out/>
  <testcase classname="com.tests.registration.SignInTests" name="signInTest" time="16.670"/>
  <system-out/>
</testsuite> <!-- com.tests.registration.SignInTests -->
